Change Footprint: Footprint Not Found K104K15X7RF5TL2_
Change Footprint: Footprint Not Found K104K15X7RF5TL2_
Add component: Footprint Not Found K104K15X7RF5TL2_
Add component: Footprint Not Found CAP_X7RF5UH5_VIS
Add component: Footprint Not Found CAP_K-SERIES_15-
Add component: Footprint Not Found K104K15X7RF5TL2_
Add component: Footprint Not Found K153K10X7RF5UH5_
Add component: Footprint Not Found CAP_X7RF5UH5_VIS
Added Component: Designator=U3(*SOIC127P600X175-8N)
Add component (AddParameter): Name = "Availability"; Value = "In Stock"; VariantName = "[No Variations]"
Add component (AddParameter): Name = "Check_prices"; Value = "https://www.snapeda.com/parts/MCP4131T-103E/SN/Microchip+Technology/view-part/?ref=eda"; VariantName = "[No Variations]"
Add component (AddParameter): Name = "MF"; Value = "Microchip"; VariantName = "[No Variations]"
Add component (AddParameter): Name = "MP"; Value = "MCP4131T-103E/SN"; VariantName = "[No Variations]"
Add component (AddParameter): Name = "Package"; Value = "SO-8 Microchip"; VariantName = "[No Variations]"
Add component (AddParameter): Name = "Price"; Value = "None"; VariantName = "[No Variations]"
Add component (AddParameter): Name = "SnapEDA_Link"; Value = "https://www.snapeda.com/parts/MCP4131T-103E/SN/Microchip+Technology/view-part/?ref=snap"; VariantName = "[No Variations]"
Add component (AddParameter): Name = "Value"; Value = ""; VariantName = "[No Variations]"
Add component: Footprint Not Found PDIP8_300MC_MCH
Add component: Footprint Not Found PDIP8_300MC_MCH
Add component: Footprint Not Found PDIP8_300MC_MCH
Add Pin To Net: Unknown Pin: Pin C2-1
Add Pin To Net: Unknown Pin: Pin C2-2
Add Pin To Net: Unknown Pin: Pin C3-1
Add Pin To Net: Unknown Pin: Pin C3-2
Add Pin To Net: Unknown Pin: Pin C4-1
Add Pin To Net: Unknown Pin: Pin C4-2
Add Pin To Net: Unknown Pin: Pin C6-1
Add Pin To Net: Unknown Pin: Pin C11-1
Add Pin To Net: Unknown Pin: Pin C11-2
Add Pin To Net: Unknown Pin: Pin C12-1
Add Pin To Net: Unknown Pin: Pin C12-2
Add Pin To Net: Unknown Pin: Pin J1-1
Add Pin To Net: Unknown Pin: Pin J1-2
Add Pin To Net: Unknown Pin: Pin J6-1
Add Pin To Net: Unknown Pin: Pin J6-2
Add Pin To Net: Unknown Pin: Pin J6-3
Add Pin To Net: Unknown Pin: Pin J6-4
Add Pin To Net: Unknown Pin: Pin J6-5
Add Pin To Net: Unknown Pin: Pin J6-6
Add Pin To Net: Unknown Pin: Pin J6-7
Added Pin To Net: NetName=NetJ6_3 Pin=U3-1
Added Pin To Net: NetName=NetJ6_5 Pin=U3-2
Added Pin To Net: NetName=NetJ6_6 Pin=U3-3
Added Pin To Net: NetName=GND Pin=U3-4
Added Pin To Net: NetName=NetC2_2 Pin=U3-5
Added Pin To Net: NetName=NetR5_1 Pin=U3-6
Added Pin To Net: NetName=NetC2_1 Pin=U3-7
Added Pin To Net: NetName=NetC47uF5_P Pin=U3-8
Add Pin To Net: Unknown Pin: Pin U4-1
Add Pin To Net: Unknown Pin: Pin U4-2
Add Pin To Net: Unknown Pin: Pin U4-3
Add Pin To Net: Unknown Pin: Pin U4-4
Add Pin To Net: Unknown Pin: Pin U4-5
Add Pin To Net: Unknown Pin: Pin U4-6
Add Pin To Net: Unknown Pin: Pin U4-7
Add Pin To Net: Unknown Pin: Pin U4-8
Add Pin To Net: Unknown Pin: Pin U5-1
Add Pin To Net: Unknown Pin: Pin U5-2
Add Pin To Net: Unknown Pin: Pin U5-3
Add Pin To Net: Unknown Pin: Pin U5-4
Add Pin To Net: Unknown Pin: Pin U5-5
Add Pin To Net: Unknown Pin: Pin U5-6
Add Pin To Net: Unknown Pin: Pin U5-7
Add Pin To Net: Unknown Pin: Pin U5-8
Add Pin To Net: Unknown Pin: Pin U6-1
Add Pin To Net: Unknown Pin: Pin U6-2
Add Pin To Net: Unknown Pin: Pin U6-3
Add Pin To Net: Unknown Pin: Pin U6-4
Add Pin To Net: Unknown Pin: Pin U6-6
Add Pin To Net: Unknown Pin: Pin U6-7
Add Pin To Net: Unknown Pin: Pin U6-8
Add Class Member: Failed to add class member : Component C2 100nf
Add Class Member: Failed to add class member : Component C3 K222K10X7RF5UH5
Add Class Member: Failed to add class member : Component C4 22pf
Add Class Member: Failed to add class member : Component C6 0.1uf
Add Class Member: Failed to add class member : Component C11 K153K10X7RF5UH5
Add Class Member: Failed to add class member : Component C12 22nF
Add Class Member: Failed to add class member : Component J1 Conn_01x02
Add Class Member: Failed to add class member : Component J6 Conn_01x07
Added Member To Class: ClassName=preamp_with_digital_pot Member=Component U3 MCP4131T-103E/SN
Add Class Member: Failed to add class member : Component U4 MCP4151-103EP
Add Class Member: Failed to add class member : Component U5 MCP4151-103EP
Add Class Member: Failed to add class member : Component U6 MCP4151-103EP
