Change Component Footprint: Designator=U1 Old Footprint=MODULE_ESP32-H2-MINI-1-H2 New Footprint=FP-D0008A-MFG
Change Component Comment : Designator=U1 Old Comment=Comment New Comment=OPA1656ID
Change Managed Component Library Link : Designator=U1 Old VaultGUID= New VaultGUID=B7D15EC3-160A-466F-A46C-7801FE6295A7 Old ItemGUID= New ItemGUID=CF001FE8-C73F-4FC6-82CD-0DAE9D756CBA Old RevisionGUID= New RevisionGUID=63A50F07-48C3-490E-9854-2AB7473C16AE
Change component parameters: Designator = "U1" ("U1"); Footprint = "MODULE_ESP32-H2-MINI-1-H2"; UniqueID = "\NRKRIABS" ("\NRKRIABS")
Added Component: Designator=C7(CAPC0805(2012)145_L)
Add component (AddParameter): Name = "Capacitor Type"; Value = ""; VariantName = "[No Variations]"
Add component (AddParameter): Name = "Case/Package"; Value = "0805"; VariantName = "[No Variations]"
Add component (AddParameter): Name = "Max Operating Temperature"; Value = "85°C"; VariantName = "[No Variations]"
Add component (AddParameter): Name = "Min Operating Temperature"; Value = "-55°C"; VariantName = "[No Variations]"
Add component (AddParameter): Name = "Mounting Technology"; Value = "SMT"; VariantName = "[No Variations]"
Add component (AddParameter): Name = "Pins"; Value = "2"; VariantName = "[No Variations]"
Add component (AddParameter): Name = "Ripple Current"; Value = ""; VariantName = "[No Variations]"
Add component (AddParameter): Name = "Ripple Current (AC)"; Value = ""; VariantName = "[No Variations]"
Add component (AddParameter): Name = "RoHS Compliant"; Value = ""; VariantName = "[No Variations]"
Add component (AddParameter): Name = "Tolerance"; Value = "10%"; VariantName = "[No Variations]"
Add component (AddParameter): Name = "Value"; Value = "10µF"; VariantName = "[No Variations]"
Add component (AddParameter): Name = "Voltage Rating"; Value = "25V"; VariantName = "[No Variations]"
Added Component: Designator=C8(FP-C0603C-CF-MFG)
Add component (AddParameter): Name = "Automotive"; Value = "Yes"; VariantName = "[No Variations]"
Add component (AddParameter): Name = "Automotive Grade"; Value = "Grade 1"; VariantName = "[No Variations]"
Add component (AddParameter): Name = "Capacitance"; Value = "0.10 µF"; VariantName = "[No Variations]"
Add component (AddParameter): Name = "Category"; Value = "Cap"; VariantName = "[No Variations]"
Add component (AddParameter): Name = "ComponentLink2Description"; Value = "Datasheet"; VariantName = "[No Variations]"
Add component (AddParameter): Name = "ComponentLink2URL"; Value = "https://api.kemet.com/component-edge/download/datasheet/C0603C100J5GACAUTO.pdf"; VariantName = "[No Variations]"
Add component (AddParameter): Name = "Device Class L1"; Value = "Passive Components"; VariantName = "[No Variations]"
Add component (AddParameter): Name = "Device Class L2"; Value = "Capacitors"; VariantName = "[No Variations]"
Add component (AddParameter): Name = "Device Class L3"; Value = "Ceramic Capacitors"; VariantName = "[No Variations]"
Add component (AddParameter): Name = "Digikey Description"; Value = "CAP CER 0.1UF 50V X7R 0603"; VariantName = "[No Variations]"
Add component (AddParameter): Name = "Height"; Value = "0.87mm"; VariantName = "[No Variations]"
Add component (AddParameter): Name = "Lead Free"; Value = "Yes"; VariantName = "[No Variations]"
Add component (AddParameter): Name = "Manufacturer"; Value = "KEMET"; VariantName = "[No Variations]"
Add component (AddParameter): Name = "Manufacturer Part Number"; Value = "C0603C104K5RACTU"; VariantName = "[No Variations]"
Add component (AddParameter): Name = "Material"; Value = "Ceramic"; VariantName = "[No Variations]"
Add component (AddParameter): Name = "Octopart"; Value = "https://octopart.com/c0603c104k5ractu-kemet-139244"; VariantName = "[No Variations]"
Add component (AddParameter): Name = "Package"; Value = "C0603C-CF"; VariantName = "[No Variations]"
Add component (AddParameter): Name = "RoHS"; Value = "TRUE"; VariantName = "[No Variations]"
Add component (AddParameter): Name = "Temperature"; Value = "-55°C to +125°C"; VariantName = "[No Variations]"
Add component (AddParameter): Name = "Temperature Characteristic"; Value = "X7R"; VariantName = "[No Variations]"
Add component (AddParameter): Name = "Temperature Coefficient"; Value = "30ppm/°C"; VariantName = "[No Variations]"
Add component (AddParameter): Name = "Temperature Range High"; Value = "+125°C"; VariantName = "[No Variations]"
Add component (AddParameter): Name = "Temperature Range Low"; Value = "-55°C"; VariantName = "[No Variations]"
Add component (AddParameter): Name = "Tolerance"; Value = "0.1"; VariantName = "[No Variations]"
Add component (AddParameter): Name = "Value"; Value = "0.10 µF"; VariantName = "[No Variations]"
Add component (AddParameter): Name = "Voltage Rating"; Value = "50 V"; VariantName = "[No Variations]"
Add Pin To Net: Unknown Pin: Pin C1-1
Add Pin To Net: Unknown Pin: Pin C2-1
Add Pin To Net: Unknown Pin: Pin C4-2
Add Pin To Net: Unknown Pin: Pin C5-1
Add Pin To Net: Unknown Pin: Pin C5-2
Add Pin To Net: Unknown Pin: Pin C6-1
Add Pin To Net: Unknown Pin: Pin C6-2
Added Pin To Net: NetName=NetC47uF1_P Pin=C7-1
Added Pin To Net: NetName=GND Pin=C7-2
Added Pin To Net: NetName=NetC47uF1_P Pin=C8-1
Added Pin To Net: NetName=GND Pin=C8-2
Add Pin To Net: Unknown Pin: Pin C9-2
Add Pin To Net: Unknown Pin: Pin C10-2
Add Pin To Net: Unknown Pin: Pin J1-2
Add Pin To Net: Unknown Pin: Pin J2-1
Add Pin To Net: Unknown Pin: Pin J2-2
Add Pin To Net: Unknown Pin: Pin J4-S
Add Pin To Net: Unknown Pin: Pin J5-2
Add Pin To Net: Unknown Pin: Pin J6-7
Add Pin To Net: Unknown Pin: Pin R1-1
Add Pin To Net: Unknown Pin: Pin R3-1
Add Pin To Net: Unknown Pin: Pin R5-2
Add Pin To Net: Unknown Pin: Pin R6-1
Add Pin To Net: Unknown Pin: Pin R10-2
Add Pin To Net: Unknown Pin: Pin R16-2
Add Pin To Net: Unknown Pin: Pin R17-2
Add Pin To Net: Unknown Pin: Pin RV1-3
Added Pin To Net: NetName=GND Pin=U1-4
Added Pin To Net: NetName=NetC47uF1_P Pin=U1-8
Add Pin To Net: Unknown Pin: Pin U2-2
Add Pin To Net: Unknown Pin: Pin U3-4
Add Pin To Net: Unknown Pin: Pin U3-7
Add Pin To Net: Unknown Pin: Pin U4-4
Add Pin To Net: Unknown Pin: Pin U5-4
Add Pin To Net: Unknown Pin: Pin U6-4
Change Net Name : Old Net Name=NetC47uF1_P New Net Name=NetC5_1
Added Net: Name=+3.3V
Added Pin To Net: NetName=+6V Pin=U1-6
Added Pin To Net: NetName=+6V Pin=U1-7
Added Net: Name=+6V
Added Net: Name=+12V
Added Pin To Net: NetName=NetC1_2 Pin=U1-3
Added Net: Name=NetC1_2
Added Net: Name=NetC2_2
Added Net: Name=NetC3_1
Added Net: Name=NetC3_2
Added Net: Name=NetC4_1
Added Pin To Net: NetName=NetC9_1 Pin=U1-5
Added Net: Name=NetC9_1
Added Net: Name=NetC11_1
Added Net: Name=NetC11_2
Added Net: Name=NetC12_1
Added Net: Name=NetC12_2
Added Net: Name=NetC13_1
Added Net: Name=NetC13_2
Added Net: Name=NetJ1_1
Added Net: Name=NetJ4_R
Added Net: Name=NetJ4_T
Added Net: Name=NetJ6_1
Added Net: Name=NetJ6_2
Added Net: Name=NetJ6_3
Added Net: Name=NetJ6_4
Added Net: Name=NetJ6_5
Added Net: Name=NetJ6_6
Added Pin To Net: NetName=NetR3_2 Pin=U1-1
Added Pin To Net: NetName=NetR3_2 Pin=U1-2
Added Net: Name=NetR3_2
Added Net: Name=NetR4_2
Added Net: Name=NetR5_1
Added Net: Name=NetR8_1
Added Class: Name=preamp_with_digital_pot
Added Rule: Name=Schematic Supply Nets_1
Added Rule: Name=Schematic Supply Nets_2
Added Rule: Name=Schematic Supply Nets_3
