Change Component Footprint: Designator=J1M Old Footprint=SHDR2W70P0X500_1X2_1000X750X1150P New Footprint=691137710002
Change Component Footprint: Designator=J2M Old Footprint=SHDR2W70P0X500_1X2_1000X750X1150P New Footprint=691137710002
Change Managed Component Library Link : Designator=J1M Old VaultGUID=5B4CA020-F6CC-457C-A647-A38E9440DB5A New VaultGUID=B7D15EC3-160A-466F-A46C-7801FE6295A7 Old ItemGUID=3CF1A2B1-9885-4976-8FC1-252FA8781BBF New ItemGUID=A718961D-D9A4-49FC-B3D9-CF18923FC27D Old RevisionGUID=F1A5C742-872A-4F53-A14C-2C77014E19E4 New RevisionGUID=7D02DB71-49F4-411D-87CF-223BD80F4EFD
Change Managed Component Library Link : Designator=J2M Old VaultGUID=5B4CA020-F6CC-457C-A647-A38E9440DB5A New VaultGUID=B7D15EC3-160A-466F-A46C-7801FE6295A7 Old ItemGUID=3CF1A2B1-9885-4976-8FC1-252FA8781BBF New ItemGUID=A718961D-D9A4-49FC-B3D9-CF18923FC27D Old RevisionGUID=F1A5C742-872A-4F53-A14C-2C77014E19E4 New RevisionGUID=7D02DB71-49F4-411D-87CF-223BD80F4EFD
Change component parameters: Designator = "J1M" ("J1M"); Footprint = "SHDR2W70P0X500_1X2_1000X750X1150P"; UniqueID = "\PMGRYFFP" ("\PMGRYFFP")
Change component parameters (AddParameter): Name = "Contact Material"; Value = "Nickel, Tin"; VariantName = "[No Variations]"
Change component parameters (AddParameter): Name = "Current Rating"; Value = "16A"; VariantName = "[No Variations]"
Change component parameters (AddParameter): Name = "Height"; Value = "11.6mm"; VariantName = "[No Variations]"
Change component parameters (AddParameter): Name = "Lead Pitch"; Value = "5mm"; VariantName = "[No Variations]"
Change component parameters (AddParameter): Name = "Max Operating Temperature"; Value = "120°C"; VariantName = "[No Variations]"
Change component parameters (AddParameter): Name = "Min Operating Temperature"; Value = "-30°C"; VariantName = "[No Variations]"
Change component parameters (AddParameter): Name = "NexarPartId"; Value = "78871135"; VariantName = "[No Variations]"
Change component parameters (AddParameter): Name = "Number of Contacts"; Value = "2"; VariantName = "[No Variations]"
Change component parameters (AddParameter): Name = "Number of Pins"; Value = "2"; VariantName = "[No Variations]"
Change component parameters (AddParameter): Name = "Number of Rows"; Value = "1"; VariantName = "[No Variations]"
Change component parameters (AddParameter): Name = "Packaging"; Value = "Box"; VariantName = "[No Variations]"
Change component parameters (AddParameter): Name = "RoHS"; Value = "Non-Compliant"; VariantName = "[No Variations]"
Change component parameters (AddParameter): Name = "Voltage Rating"; Value = "300V"; VariantName = "[No Variations]"
Change component parameters: Designator = "J2M" ("J2M"); Footprint = "SHDR2W70P0X500_1X2_1000X750X1150P"; UniqueID = "\OYCPLCIU" ("\OYCPLCIU")
Change component parameters (AddParameter): Name = "Contact Material"; Value = "Nickel, Tin"; VariantName = "[No Variations]"
Change component parameters (AddParameter): Name = "Current Rating"; Value = "16A"; VariantName = "[No Variations]"
Change component parameters (AddParameter): Name = "Height"; Value = "11.6mm"; VariantName = "[No Variations]"
Change component parameters (AddParameter): Name = "Lead Pitch"; Value = "5mm"; VariantName = "[No Variations]"
Change component parameters (AddParameter): Name = "Max Operating Temperature"; Value = "120°C"; VariantName = "[No Variations]"
Change component parameters (AddParameter): Name = "Min Operating Temperature"; Value = "-30°C"; VariantName = "[No Variations]"
Change component parameters (AddParameter): Name = "NexarPartId"; Value = "78871135"; VariantName = "[No Variations]"
Change component parameters (AddParameter): Name = "Number of Contacts"; Value = "2"; VariantName = "[No Variations]"
Change component parameters (AddParameter): Name = "Number of Pins"; Value = "2"; VariantName = "[No Variations]"
Change component parameters (AddParameter): Name = "Number of Rows"; Value = "1"; VariantName = "[No Variations]"
Change component parameters (AddParameter): Name = "Packaging"; Value = "Box"; VariantName = "[No Variations]"
Change component parameters (AddParameter): Name = "RoHS"; Value = "Non-Compliant"; VariantName = "[No Variations]"
Change component parameters (AddParameter): Name = "Voltage Rating"; Value = "300V"; VariantName = "[No Variations]"
Add component: Footprint Not Found K104K15X7RF5TL2_
Add component: Footprint Not Found JST_EH_B7B-EH-A_1x07_P2.50mm_Vertical
Add Pin To Net: Unknown Pin: Pin C6-1
Added Pin To Net: NetName=GND Pin=J1M-1
Add Pin To Net: Unknown Pin: Pin J6-1
Add Pin To Net: Unknown Pin: Pin J6-2
Add Pin To Net: Unknown Pin: Pin J6-3
Add Pin To Net: Unknown Pin: Pin J6-4
Add Pin To Net: Unknown Pin: Pin J6-5
Add Pin To Net: Unknown Pin: Pin J6-6
Add Pin To Net: Unknown Pin: Pin J6-7
Add Class Member: Failed to add class member : Component C6 0.1uf
Add Class Member: Failed to add class member : Component J6 Conn_01x07
