Add component: Footprint Not Found C_1206_3216Metric
Add component: Footprint Not Found C_1206_3216Metric
Add component: Footprint Not Found C_1206_3216Metric
Add component: Footprint Not Found C_1206_3216Metric
Add component: Footprint Not Found C_1206_3216Metric
Add component: Footprint Not Found SHDR2W70P0X500_1X2_1000X750X1160P
Add component: Footprint Not Found 691137710008
Add component: Footprint Not Found 691137710008
Add component: Footprint Not Found SHDR2W70P0X500_1X2_1000X750X1160P
Add component: Footprint Not Found R_1206_3216Metric
Add component: Footprint Not Found R_1206_3216Metric
Add component: Footprint Not Found TS026643BK100LCRD
Add component: Footprint Not Found TS026643BK100LCRD
Add component: Footprint Not Found MODULE_ESP32-H2-MINI-1-H2
Add Pin To Net: Unknown Pin: Pin C?-1
Add Pin To Net: Unknown Pin: Pin C?-1
Add Pin To Net: Unknown Pin: Pin C?-2
Add Pin To Net: Unknown Pin: Pin C?-2
Add Pin To Net: Unknown Pin: Pin C?-2
Add Pin To Net: Unknown Pin: Pin J?-2
Add Pin To Net: Unknown Pin: Pin J?-8
Add Pin To Net: Unknown Pin: Pin S?-1
Add Pin To Net: Unknown Pin: Pin S?-1
Add Pin To Net: Unknown Pin: Pin U?-1
Add Pin To Net: Unknown Pin: Pin U?-2
Add Pin To Net: Unknown Pin: Pin U?-11
Add Pin To Net: Unknown Pin: Pin U?-14
Add Pin To Net: Unknown Pin: Pin U?-36
Add Pin To Net: Unknown Pin: Pin U?-37
Add Pin To Net: Unknown Pin: Pin U?-38
Add Pin To Net: Unknown Pin: Pin U?-39
Add Pin To Net: Unknown Pin: Pin U?-40
Add Pin To Net: Unknown Pin: Pin U?-41
Add Pin To Net: Unknown Pin: Pin U?-42
Add Pin To Net: Unknown Pin: Pin U?-43
Add Pin To Net: Unknown Pin: Pin U?-44
Add Pin To Net: Unknown Pin: Pin U?-45
Add Pin To Net: Unknown Pin: Pin U?-46
Add Pin To Net: Unknown Pin: Pin U?-47
Add Pin To Net: Unknown Pin: Pin U?-48
Add Pin To Net: Unknown Pin: Pin U?-49_1
Add Pin To Net: Unknown Pin: Pin U?-49_2
Add Pin To Net: Unknown Pin: Pin U?-49_3
Add Pin To Net: Unknown Pin: Pin U?-49_4
Add Pin To Net: Unknown Pin: Pin U?-49_5
Add Pin To Net: Unknown Pin: Pin U?-49_6
Add Pin To Net: Unknown Pin: Pin U?-49_7
Add Pin To Net: Unknown Pin: Pin U?-49_8
Add Pin To Net: Unknown Pin: Pin U?-49_9
Add Pin To Net: Unknown Pin: Pin U?-50
Add Pin To Net: Unknown Pin: Pin U?-51
Add Pin To Net: Unknown Pin: Pin U?-52
Add Pin To Net: Unknown Pin: Pin U?-53
Added Net: Name=NetC?_1
Add Net: Net with name "NetC?_1" already exists
Added Net: Name=NetC?_2
Added Net: Name=NetJ?_1
Add Net: Net with name "NetJ?_1" already exists
Add Net: Net with name "NetJ?_1" already exists
Added Net: Name=NetJ?_2
Add Net: Net with name "NetJ?_2" already exists
Add Net: Net with name "NetJ?_2" already exists
Added Net: Name=NetJ?_3
Add Net: Net with name "NetJ?_3" already exists
Added Net: Name=NetJ?_4
Add Net: Net with name "NetJ?_4" already exists
Added Net: Name=NetJ?_5
Add Net: Net with name "NetJ?_5" already exists
Added Net: Name=NetJ?_6
Add Net: Net with name "NetJ?_6" already exists
Added Net: Name=NetJ?_7
Add Net: Net with name "NetJ?_7" already exists
Added Net: Name=NetU?_4
Added Net: Name=NetU?_26
Added Net: Name=NetU?_27
Added Class: Name=Sheet1
